<?xml version="1.0" encoding="UTF-8"?>
<testsuite xmlns:xsi="http://www.w3.org/2001/XMLSchema-instance" xsi:noNamespaceSchemaLocation="https://maven.apache.org/surefire/maven-surefire-plugin/xsd/surefire-test-report.xsd" name="Test01" time="0.002" tests="0" errors="0" skipped="0" failures="0">
  <properties>
    <property name="gopherProxySet" value="false"/>
    <property name="awt.toolkit" value="sun.lwawt.macosx.LWCToolkit"/>
    <property name="file.encoding.pkg" value="sun.io"/>
    <property name="java.specification.version" value="1.8"/>
    <property name="sun.cpu.isalist" value=""/>
    <property name="sun.jnu.encoding" value="UTF-8"/>
    <property name="java.class.path" value="/Users/mayanchao/IdeaProjects/mt-shop/mt-sp-parent/mt-sp-service-impl/mt-sp-service-member/target/test-classes:/Users/mayanchao/IdeaProjects/mt-shop/mt-sp-parent/mt-sp-service-impl/mt-sp-service-member/target/classes:/Users/mayanchao/IdeaProjects/mt-shop/mt-sp-parent/mt-sp-service-api/mt-sp-service-api-member/target/mt-sp-service-api-member-1.0-SNAPSHOT.jar:/Users/mayanchao/IdeaProjects/mt-shop/mt-sp-parent/mt-sp-service-api/mt-sp-service-api-weixin/target/mt-sp-service-api-weixin-1.0-SNAPSHOT.jar:/Users/mayanchao/IdeaProjects/mt-shop/mt-sp-parent/mt-sp-service-base/target/mt-sp-service-base-1.0-SNAPSHOT.jar:/Users/mayanchao/.m2/repository/org/springframework/boot/spring-boot-starter-data-redis/2.2.1.RELEASE/spring-boot-starter-data-redis-2.2.1.RELEASE.jar:/Users/mayanchao/.m2/repository/org/springframework/data/spring-data-redis/2.2.1.RELEASE/spring-data-redis-2.2.1.RELEASE.jar:/Users/mayanchao/.m2/repository/org/springframework/data/spring-data-keyvalue/2.2.1.RELEASE/spring-data-keyvalue-2.2.1.RELEASE.jar:/Users/mayanchao/.m2/repository/org/springframework/data/spring-data-commons/2.2.1.RELEASE/spring-data-commons-2.2.1.RELEASE.jar:/Users/mayanchao/.m2/repository/org/springframework/spring-oxm/5.2.1.RELEASE/spring-oxm-5.2.1.RELEASE.jar:/Users/mayanchao/.m2/repository/org/springframework/spring-context-support/5.2.1.RELEASE/spring-context-support-5.2.1.RELEASE.jar:/Users/mayanchao/.m2/repository/io/lettuce/lettuce-core/5.2.1.RELEASE/lettuce-core-5.2.1.RELEASE.jar:/Users/mayanchao/.m2/repository/io/netty/netty-common/4.1.43.Final/netty-common-4.1.43.Final.jar:/Users/mayanchao/.m2/repository/io/netty/netty-handler/4.1.43.Final/netty-handler-4.1.43.Final.jar:/Users/mayanchao/.m2/repository/io/netty/netty-buffer/4.1.43.Final/netty-buffer-4.1.43.Final.jar:/Users/mayanchao/.m2/repository/io/netty/netty-codec/4.1.43.Final/netty-codec-4.1.43.Final.jar:/Users/mayanchao/.m2/repository/io/netty/netty-transport/4.1.43.Final/netty-transport-4.1.43.Final.jar:/Users/mayanchao/.m2/repository/io/netty/netty-resolver/4.1.43.Final/netty-resolver-4.1.43.Final.jar:/Users/mayanchao/.m2/repository/io/projectreactor/reactor-core/3.3.0.RELEASE/reactor-core-3.3.0.RELEASE.jar:/Users/mayanchao/.m2/repository/org/reactivestreams/reactive-streams/1.0.3/reactive-streams-1.0.3.jar:/Users/mayanchao/.m2/repository/io/jsonwebtoken/jjwt/0.6.0/jjwt-0.6.0.jar:/Users/mayanchao/.m2/repository/com/fasterxml/jackson/core/jackson-databind/2.10.0/jackson-databind-2.10.0.jar:/Users/mayanchao/.m2/repository/com/fasterxml/jackson/core/jackson-annotations/2.10.0/jackson-annotations-2.10.0.jar:/Users/mayanchao/.m2/repository/com/fasterxml/jackson/core/jackson-core/2.10.0/jackson-core-2.10.0.jar:/Users/mayanchao/.m2/repository/org/springframework/boot/spring-boot-starter-amqp/2.2.1.RELEASE/spring-boot-starter-amqp-2.2.1.RELEASE.jar:/Users/mayanchao/.m2/repository/org/springframework/boot/spring-boot-starter/2.2.1.RELEASE/spring-boot-starter-2.2.1.RELEASE.jar:/Users/mayanchao/.m2/repository/org/springframework/boot/spring-boot/2.2.1.RELEASE/spring-boot-2.2.1.RELEASE.jar:/Users/mayanchao/.m2/repository/org/springframework/boot/spring-boot-starter-logging/2.2.1.RELEASE/spring-boot-starter-logging-2.2.1.RELEASE.jar:/Users/mayanchao/.m2/repository/ch/qos/logback/logback-classic/1.2.3/logback-classic-1.2.3.jar:/Users/mayanchao/.m2/repository/ch/qos/logback/logback-core/1.2.3/logback-core-1.2.3.jar:/Users/mayanchao/.m2/repository/org/apache/logging/log4j/log4j-to-slf4j/2.12.1/log4j-to-slf4j-2.12.1.jar:/Users/mayanchao/.m2/repository/org/apache/logging/log4j/log4j-api/2.12.1/log4j-api-2.12.1.jar:/Users/mayanchao/.m2/repository/org/slf4j/jul-to-slf4j/1.7.29/jul-to-slf4j-1.7.29.jar:/Users/mayanchao/.m2/repository/jakarta/annotation/jakarta.annotation-api/1.3.5/jakarta.annotation-api-1.3.5.jar:/Users/mayanchao/.m2/repository/org/springframework/spring-core/5.2.1.RELEASE/spring-core-5.2.1.RELEASE.jar:/Users/mayanchao/.m2/repository/org/springframework/spring-jcl/5.2.1.RELEASE/spring-jcl-5.2.1.RELEASE.jar:/Users/mayanchao/.m2/repository/org/yaml/snakeyaml/1.25/snakeyaml-1.25.jar:/Users/mayanchao/.m2/repository/org/springframework/spring-messaging/5.2.1.RELEASE/spring-messaging-5.2.1.RELEASE.jar:/Users/mayanchao/.m2/repository/org/springframework/spring-beans/5.2.1.RELEASE/spring-beans-5.2.1.RELEASE.jar:/Users/mayanchao/.m2/repository/org/springframework/amqp/spring-rabbit/2.2.1.RELEASE/spring-rabbit-2.2.1.RELEASE.jar:/Users/mayanchao/.m2/repository/com/rabbitmq/amqp-client/5.7.3/amqp-client-5.7.3.jar:/Users/mayanchao/.m2/repository/org/springframework/amqp/spring-amqp/2.2.1.RELEASE/spring-amqp-2.2.1.RELEASE.jar:/Users/mayanchao/.m2/repository/org/springframework/retry/spring-retry/1.2.4.RELEASE/spring-retry-1.2.4.RELEASE.jar:/Users/mayanchao/.m2/repository/org/springframework/spring-context/5.2.1.RELEASE/spring-context-5.2.1.RELEASE.jar:/Users/mayanchao/.m2/repository/org/springframework/spring-tx/5.2.1.RELEASE/spring-tx-5.2.1.RELEASE.jar:/Users/mayanchao/.m2/repository/io/shardingsphere/sharding-jdbc-spring-boot-starter/3.1.0/sharding-jdbc-spring-boot-starter-3.1.0.jar:/Users/mayanchao/.m2/repository/io/shardingsphere/sharding-jdbc-core/3.1.0/sharding-jdbc-core-3.1.0.jar:/Users/mayanchao/.m2/repository/io/shardingsphere/sharding-core/3.1.0/sharding-core-3.1.0.jar:/Users/mayanchao/.m2/repository/org/codehaus/groovy/groovy/2.4.5/groovy-2.4.5-indy.jar:/Users/mayanchao/.m2/repository/org/antlr/antlr4/4.7.1/antlr4-4.7.1.jar:/Users/mayanchao/.m2/repository/org/antlr/antlr4-runtime/4.7.1/antlr4-runtime-4.7.1.jar:/Users/mayanchao/.m2/repository/org/antlr/antlr-runtime/3.5.2/antlr-runtime-3.5.2.jar:/Users/mayanchao/.m2/repository/org/antlr/ST4/4.0.8/ST4-4.0.8.jar:/Users/mayanchao/.m2/repository/org/abego/treelayout/org.abego.treelayout.core/1.0.3/org.abego.treelayout.core-1.0.3.jar:/Users/mayanchao/.m2/repository/org/glassfish/javax.json/1.0.4/javax.json-1.0.4.jar:/Users/mayanchao/.m2/repository/com/ibm/icu/icu4j/58.2/icu4j-58.2.jar:/Users/mayanchao/.m2/repository/io/shardingsphere/sharding-transaction-core/3.1.0/sharding-transaction-core-3.1.0.jar:/Users/mayanchao/.m2/repository/com/google/guava/guava/18.0/guava-18.0.jar:/Users/mayanchao/.m2/repository/org/slf4j/slf4j-api/1.7.29/slf4j-api-1.7.29.jar:/Users/mayanchao/.m2/repository/org/slf4j/jcl-over-slf4j/1.7.29/jcl-over-slf4j-1.7.29.jar:/Users/mayanchao/.m2/repository/io/shardingsphere/sharding-jdbc-spring-namespace/3.1.0/sharding-jdbc-spring-namespace-3.1.0.jar:/Users/mayanchao/.m2/repository/mysql/mysql-connector-java/8.0.18/mysql-connector-java-8.0.18.jar:/Users/mayanchao/.m2/repository/com/baomidou/mybatis-plus-boot-starter/3.4.1/mybatis-plus-boot-starter-3.4.1.jar:/Users/mayanchao/.m2/repository/com/baomidou/mybatis-plus/3.4.1/mybatis-plus-3.4.1.jar:/Users/mayanchao/.m2/repository/com/baomidou/mybatis-plus-extension/3.4.1/mybatis-plus-extension-3.4.1.jar:/Users/mayanchao/.m2/repository/com/baomidou/mybatis-plus-core/3.4.1/mybatis-plus-core-3.4.1.jar:/Users/mayanchao/.m2/repository/com/baomidou/mybatis-plus-annotation/3.4.1/mybatis-plus-annotation-3.4.1.jar:/Users/mayanchao/.m2/repository/com/github/jsqlparser/jsqlparser/3.2/jsqlparser-3.2.jar:/Users/mayanchao/.m2/repository/org/mybatis/mybatis/3.5.6/mybatis-3.5.6.jar:/Users/mayanchao/.m2/repository/org/mybatis/mybatis-spring/2.0.5/mybatis-spring-2.0.5.jar:/Users/mayanchao/.m2/repository/org/springframework/boot/spring-boot-autoconfigure/2.2.1.RELEASE/spring-boot-autoconfigure-2.2.1.RELEASE.jar:/Users/mayanchao/.m2/repository/org/springframework/boot/spring-boot-starter-jdbc/2.2.1.RELEASE/spring-boot-starter-jdbc-2.2.1.RELEASE.jar:/Users/mayanchao/.m2/repository/com/zaxxer/HikariCP/3.4.1/HikariCP-3.4.1.jar:/Users/mayanchao/.m2/repository/org/springframework/spring-jdbc/5.2.1.RELEASE/spring-jdbc-5.2.1.RELEASE.jar:/Users/mayanchao/.m2/repository/com/mzlion/easy-okhttp/1.1.0/easy-okhttp-1.1.0.jar:/Users/mayanchao/.m2/repository/com/squareup/okhttp3/okhttp/3.14.4/okhttp-3.14.4.jar:/Users/mayanchao/.m2/repository/com/squareup/okio/okio/1.17.2/okio-1.17.2.jar:/Users/mayanchao/.m2/repository/com/mzlion/mzlion-core/1.1.0/mzlion-core-1.1.0.jar:/Users/mayanchao/.m2/repository/com/google/code/gson/gson/2.8.6/gson-2.8.6.jar:/Users/mayanchao/.m2/repository/org/projectlombok/lombok/1.18.10/lombok-1.18.10.jar:/Users/mayanchao/.m2/repository/org/springframework/cloud/spring-cloud-starter-openfeign/2.2.1.RELEASE/spring-cloud-starter-openfeign-2.2.1.RELEASE.jar:/Users/mayanchao/.m2/repository/org/springframework/cloud/spring-cloud-starter/2.2.1.RELEASE/spring-cloud-starter-2.2.1.RELEASE.jar:/Users/mayanchao/.m2/repository/org/springframework/cloud/spring-cloud-context/2.2.1.RELEASE/spring-cloud-context-2.2.1.RELEASE.jar:/Users/mayanchao/.m2/repository/org/springframework/security/spring-security-rsa/1.0.9.RELEASE/spring-security-rsa-1.0.9.RELEASE.jar:/Users/mayanchao/.m2/repository/org/bouncycastle/bcpkix-jdk15on/1.64/bcpkix-jdk15on-1.64.jar:/Users/mayanchao/.m2/repository/org/bouncycastle/bcprov-jdk15on/1.64/bcprov-jdk15on-1.64.jar:/Users/mayanchao/.m2/repository/org/springframework/cloud/spring-cloud-openfeign-core/2.2.1.RELEASE/spring-cloud-openfeign-core-2.2.1.RELEASE.jar:/Users/mayanchao/.m2/repository/org/springframework/cloud/spring-cloud-netflix-ribbon/2.2.1.RELEASE/spring-cloud-netflix-ribbon-2.2.1.RELEASE.jar:/Users/mayanchao/.m2/repository/org/springframework/cloud/spring-cloud-netflix-archaius/2.2.1.RELEASE/spring-cloud-netflix-archaius-2.2.1.RELEASE.jar:/Users/mayanchao/.m2/repository/org/springframework/boot/spring-boot-starter-aop/2.2.1.RELEASE/spring-boot-starter-aop-2.2.1.RELEASE.jar:/Users/mayanchao/.m2/repository/org/aspectj/aspectjweaver/1.9.4/aspectjweaver-1.9.4.jar:/Users/mayanchao/.m2/repository/io/github/openfeign/form/feign-form-spring/3.8.0/feign-form-spring-3.8.0.jar:/Users/mayanchao/.m2/repository/io/github/openfeign/form/feign-form/3.8.0/feign-form-3.8.0.jar:/Users/mayanchao/.m2/repository/commons-fileupload/commons-fileupload/1.4/commons-fileupload-1.4.jar:/Users/mayanchao/.m2/repository/commons-io/commons-io/2.2/commons-io-2.2.jar:/Users/mayanchao/.m2/repository/org/springframework/spring-web/5.2.1.RELEASE/spring-web-5.2.1.RELEASE.jar:/Users/mayanchao/.m2/repository/org/springframework/cloud/spring-cloud-commons/2.2.1.RELEASE/spring-cloud-commons-2.2.1.RELEASE.jar:/Users/mayanchao/.m2/repository/org/springframework/security/spring-security-crypto/5.2.1.RELEASE/spring-security-crypto-5.2.1.RELEASE.jar:/Users/mayanchao/.m2/repository/io/github/openfeign/feign-core/10.4.0/feign-core-10.4.0.jar:/Users/mayanchao/.m2/repository/io/github/openfeign/feign-slf4j/10.4.0/feign-slf4j-10.4.0.jar:/Users/mayanchao/.m2/repository/io/github/openfeign/feign-hystrix/10.4.0/feign-hystrix-10.4.0.jar:/Users/mayanchao/.m2/repository/com/netflix/archaius/archaius-core/0.7.6/archaius-core-0.7.6.jar:/Users/mayanchao/.m2/repository/com/google/code/findbugs/jsr305/3.0.1/jsr305-3.0.1.jar:/Users/mayanchao/.m2/repository/commons-configuration/commons-configuration/1.8/commons-configuration-1.8.jar:/Users/mayanchao/.m2/repository/commons-lang/commons-lang/2.6/commons-lang-2.6.jar:/Users/mayanchao/.m2/repository/commons-logging/commons-logging/1.1.1/commons-logging-1.1.1.jar:/Users/mayanchao/.m2/repository/com/netflix/hystrix/hystrix-core/1.5.18/hystrix-core-1.5.18.jar:/Users/mayanchao/.m2/repository/io/reactivex/rxjava/1.3.8/rxjava-1.3.8.jar:/Users/mayanchao/.m2/repository/org/hdrhistogram/HdrHistogram/2.1.9/HdrHistogram-2.1.9.jar:/Users/mayanchao/.m2/repository/org/springframework/boot/spring-boot-starter-web/2.2.1.RELEASE/spring-boot-starter-web-2.2.1.RELEASE.jar:/Users/mayanchao/.m2/repository/org/springframework/boot/spring-boot-starter-json/2.2.1.RELEASE/spring-boot-starter-json-2.2.1.RELEASE.jar:/Users/mayanchao/.m2/repository/com/fasterxml/jackson/datatype/jackson-datatype-jdk8/2.10.0/jackson-datatype-jdk8-2.10.0.jar:/Users/mayanchao/.m2/repository/com/fasterxml/jackson/datatype/jackson-datatype-jsr310/2.10.0/jackson-datatype-jsr310-2.10.0.jar:/Users/mayanchao/.m2/repository/com/fasterxml/jackson/module/jackson-module-parameter-names/2.10.0/jackson-module-parameter-names-2.10.0.jar:/Users/mayanchao/.m2/repository/org/springframework/boot/spring-boot-starter-tomcat/2.2.1.RELEASE/spring-boot-starter-tomcat-2.2.1.RELEASE.jar:/Users/mayanchao/.m2/repository/org/apache/tomcat/embed/tomcat-embed-core/9.0.27/tomcat-embed-core-9.0.27.jar:/Users/mayanchao/.m2/repository/org/apache/tomcat/embed/tomcat-embed-el/9.0.27/tomcat-embed-el-9.0.27.jar:/Users/mayanchao/.m2/repository/org/apache/tomcat/embed/tomcat-embed-websocket/9.0.27/tomcat-embed-websocket-9.0.27.jar:/Users/mayanchao/.m2/repository/org/springframework/boot/spring-boot-starter-validation/2.2.1.RELEASE/spring-boot-starter-validation-2.2.1.RELEASE.jar:/Users/mayanchao/.m2/repository/jakarta/validation/jakarta.validation-api/2.0.1/jakarta.validation-api-2.0.1.jar:/Users/mayanchao/.m2/repository/org/hibernate/validator/hibernate-validator/6.0.18.Final/hibernate-validator-6.0.18.Final.jar:/Users/mayanchao/.m2/repository/org/jboss/logging/jboss-logging/3.4.1.Final/jboss-logging-3.4.1.Final.jar:/Users/mayanchao/.m2/repository/com/fasterxml/classmate/1.5.1/classmate-1.5.1.jar:/Users/mayanchao/.m2/repository/org/springframework/spring-webmvc/5.2.1.RELEASE/spring-webmvc-5.2.1.RELEASE.jar:/Users/mayanchao/.m2/repository/org/springframework/spring-aop/5.2.1.RELEASE/spring-aop-5.2.1.RELEASE.jar:/Users/mayanchao/.m2/repository/org/springframework/spring-expression/5.2.1.RELEASE/spring-expression-5.2.1.RELEASE.jar:/Users/mayanchao/.m2/repository/org/springframework/cloud/spring-cloud-starter-alibaba-nacos-discovery/0.2.2.RELEASE/spring-cloud-starter-alibaba-nacos-discovery-0.2.2.RELEASE.jar:/Users/mayanchao/.m2/repository/org/springframework/cloud/spring-cloud-alibaba-nacos-discovery/0.2.2.RELEASE/spring-cloud-alibaba-nacos-discovery-0.2.2.RELEASE.jar:/Users/mayanchao/.m2/repository/com/alibaba/nacos/nacos-client/1.0.0/nacos-client-1.0.0.jar:/Users/mayanchao/.m2/repository/com/alibaba/nacos/nacos-common/1.0.0/nacos-common-1.0.0.jar:/Users/mayanchao/.m2/repository/org/apache/commons/commons-lang3/3.9/commons-lang3-3.9.jar:/Users/mayanchao/.m2/repository/com/alibaba/nacos/nacos-api/1.0.0/nacos-api-1.0.0.jar:/Users/mayanchao/.m2/repository/com/alibaba/fastjson/1.2.47/fastjson-1.2.47.jar:/Users/mayanchao/.m2/repository/commons-codec/commons-codec/1.13/commons-codec-1.13.jar:/Users/mayanchao/.m2/repository/io/prometheus/simpleclient/0.5.0/simpleclient-0.5.0.jar:/Users/mayanchao/.m2/repository/org/springframework/cloud/spring-cloud-starter-netflix-ribbon/2.0.3.RELEASE/spring-cloud-starter-netflix-ribbon-2.0.3.RELEASE.jar:/Users/mayanchao/.m2/repository/org/springframework/cloud/spring-cloud-starter-netflix-archaius/2.0.3.RELEASE/spring-cloud-starter-netflix-archaius-2.0.3.RELEASE.jar:/Users/mayanchao/.m2/repository/com/netflix/ribbon/ribbon/2.2.5/ribbon-2.2.5.jar:/Users/mayanchao/.m2/repository/com/netflix/ribbon/ribbon-transport/2.2.5/ribbon-transport-2.2.5.jar:/Users/mayanchao/.m2/repository/io/reactivex/rxnetty-contexts/0.4.9/rxnetty-contexts-0.4.9.jar:/Users/mayanchao/.m2/repository/io/reactivex/rxnetty-servo/0.4.9/rxnetty-servo-0.4.9.jar:/Users/mayanchao/.m2/repository/javax/inject/javax.inject/1/javax.inject-1.jar:/Users/mayanchao/.m2/repository/io/reactivex/rxnetty/0.4.9/rxnetty-0.4.9.jar:/Users/mayanchao/.m2/repository/com/netflix/ribbon/ribbon-core/2.2.5/ribbon-core-2.2.5.jar:/Users/mayanchao/.m2/repository/com/netflix/ribbon/ribbon-httpclient/2.2.5/ribbon-httpclient-2.2.5.jar:/Users/mayanchao/.m2/repository/commons-collections/commons-collections/3.2.2/commons-collections-3.2.2.jar:/Users/mayanchao/.m2/repository/org/apache/httpcomponents/httpclient/4.5.10/httpclient-4.5.10.jar:/Users/mayanchao/.m2/repository/org/apache/httpcomponents/httpcore/4.4.12/httpcore-4.4.12.jar:/Users/mayanchao/.m2/repository/com/sun/jersey/jersey-client/1.19.1/jersey-client-1.19.1.jar:/Users/mayanchao/.m2/repository/com/sun/jersey/jersey-core/1.19.1/jersey-core-1.19.1.jar:/Users/mayanchao/.m2/repository/javax/ws/rs/jsr311-api/1.1.1/jsr311-api-1.1.1.jar:/Users/mayanchao/.m2/repository/com/sun/jersey/contribs/jersey-apache-client4/1.19.1/jersey-apache-client4-1.19.1.jar:/Users/mayanchao/.m2/repository/com/netflix/servo/servo-core/0.10.1/servo-core-0.10.1.jar:/Users/mayanchao/.m2/repository/com/netflix/servo/servo-internal/0.10.1/servo-internal-0.10.1.jar:/Users/mayanchao/.m2/repository/com/netflix/netflix-commons/netflix-commons-util/0.1.1/netflix-commons-util-0.1.1.jar:/Users/mayanchao/.m2/repository/com/netflix/ribbon/ribbon-loadbalancer/2.2.5/ribbon-loadbalancer-2.2.5.jar:/Users/mayanchao/.m2/repository/com/netflix/netflix-commons/netflix-statistics/0.1.1/netflix-statistics-0.1.1.jar:"/>
    <property name="java.vm.vendor" value="Oracle Corporation"/>
    <property name="sun.arch.data.model" value="64"/>
    <property name="java.vendor.url" value="http://java.oracle.com/"/>
    <property name="user.timezone" value=""/>
    <property name="java.vm.specification.version" value="1.8"/>
    <property name="os.name" value="Mac OS X"/>
    <property name="user.country" value="CN"/>
    <property name="sun.java.launcher" value="SUN_STANDARD"/>
    <property name="sun.boot.library.path" value="/Library/Java/JavaVirtualMachines/jdk1.8.0_231.jdk/Contents/Home/jre/lib"/>
    <property name="sun.java.command" value="/Users/mayanchao/IdeaProjects/mt-shop/mt-sp-parent/mt-sp-service-impl/mt-sp-service-member/target/surefire/surefirebooter4218584895823384129.jar /Users/mayanchao/IdeaProjects/mt-shop/mt-sp-parent/mt-sp-service-impl/mt-sp-service-member/target/surefire 2021-06-01T15-17-22_358-jvmRun1 surefire1175424418714520715tmp surefire_01428682826718598417tmp"/>
    <property name="surefire.test.class.path" value="/Users/mayanchao/IdeaProjects/mt-shop/mt-sp-parent/mt-sp-service-impl/mt-sp-service-member/target/test-classes:/Users/mayanchao/IdeaProjects/mt-shop/mt-sp-parent/mt-sp-service-impl/mt-sp-service-member/target/classes:/Users/mayanchao/IdeaProjects/mt-shop/mt-sp-parent/mt-sp-service-api/mt-sp-service-api-member/target/mt-sp-service-api-member-1.0-SNAPSHOT.jar:/Users/mayanchao/IdeaProjects/mt-shop/mt-sp-parent/mt-sp-service-api/mt-sp-service-api-weixin/target/mt-sp-service-api-weixin-1.0-SNAPSHOT.jar:/Users/mayanchao/IdeaProjects/mt-shop/mt-sp-parent/mt-sp-service-base/target/mt-sp-service-base-1.0-SNAPSHOT.jar:/Users/mayanchao/.m2/repository/org/springframework/boot/spring-boot-starter-data-redis/2.2.1.RELEASE/spring-boot-starter-data-redis-2.2.1.RELEASE.jar:/Users/mayanchao/.m2/repository/org/springframework/data/spring-data-redis/2.2.1.RELEASE/spring-data-redis-2.2.1.RELEASE.jar:/Users/mayanchao/.m2/repository/org/springframework/data/spring-data-keyvalue/2.2.1.RELEASE/spring-data-keyvalue-2.2.1.RELEASE.jar:/Users/mayanchao/.m2/repository/org/springframework/data/spring-data-commons/2.2.1.RELEASE/spring-data-commons-2.2.1.RELEASE.jar:/Users/mayanchao/.m2/repository/org/springframework/spring-oxm/5.2.1.RELEASE/spring-oxm-5.2.1.RELEASE.jar:/Users/mayanchao/.m2/repository/org/springframework/spring-context-support/5.2.1.RELEASE/spring-context-support-5.2.1.RELEASE.jar:/Users/mayanchao/.m2/repository/io/lettuce/lettuce-core/5.2.1.RELEASE/lettuce-core-5.2.1.RELEASE.jar:/Users/mayanchao/.m2/repository/io/netty/netty-common/4.1.43.Final/netty-common-4.1.43.Final.jar:/Users/mayanchao/.m2/repository/io/netty/netty-handler/4.1.43.Final/netty-handler-4.1.43.Final.jar:/Users/mayanchao/.m2/repository/io/netty/netty-buffer/4.1.43.Final/netty-buffer-4.1.43.Final.jar:/Users/mayanchao/.m2/repository/io/netty/netty-codec/4.1.43.Final/netty-codec-4.1.43.Final.jar:/Users/mayanchao/.m2/repository/io/netty/netty-transport/4.1.43.Final/netty-transport-4.1.43.Final.jar:/Users/mayanchao/.m2/repository/io/netty/netty-resolver/4.1.43.Final/netty-resolver-4.1.43.Final.jar:/Users/mayanchao/.m2/repository/io/projectreactor/reactor-core/3.3.0.RELEASE/reactor-core-3.3.0.RELEASE.jar:/Users/mayanchao/.m2/repository/org/reactivestreams/reactive-streams/1.0.3/reactive-streams-1.0.3.jar:/Users/mayanchao/.m2/repository/io/jsonwebtoken/jjwt/0.6.0/jjwt-0.6.0.jar:/Users/mayanchao/.m2/repository/com/fasterxml/jackson/core/jackson-databind/2.10.0/jackson-databind-2.10.0.jar:/Users/mayanchao/.m2/repository/com/fasterxml/jackson/core/jackson-annotations/2.10.0/jackson-annotations-2.10.0.jar:/Users/mayanchao/.m2/repository/com/fasterxml/jackson/core/jackson-core/2.10.0/jackson-core-2.10.0.jar:/Users/mayanchao/.m2/repository/org/springframework/boot/spring-boot-starter-amqp/2.2.1.RELEASE/spring-boot-starter-amqp-2.2.1.RELEASE.jar:/Users/mayanchao/.m2/repository/org/springframework/boot/spring-boot-starter/2.2.1.RELEASE/spring-boot-starter-2.2.1.RELEASE.jar:/Users/mayanchao/.m2/repository/org/springframework/boot/spring-boot/2.2.1.RELEASE/spring-boot-2.2.1.RELEASE.jar:/Users/mayanchao/.m2/repository/org/springframework/boot/spring-boot-starter-logging/2.2.1.RELEASE/spring-boot-starter-logging-2.2.1.RELEASE.jar:/Users/mayanchao/.m2/repository/ch/qos/logback/logback-classic/1.2.3/logback-classic-1.2.3.jar:/Users/mayanchao/.m2/repository/ch/qos/logback/logback-core/1.2.3/logback-core-1.2.3.jar:/Users/mayanchao/.m2/repository/org/apache/logging/log4j/log4j-to-slf4j/2.12.1/log4j-to-slf4j-2.12.1.jar:/Users/mayanchao/.m2/repository/org/apache/logging/log4j/log4j-api/2.12.1/log4j-api-2.12.1.jar:/Users/mayanchao/.m2/repository/org/slf4j/jul-to-slf4j/1.7.29/jul-to-slf4j-1.7.29.jar:/Users/mayanchao/.m2/repository/jakarta/annotation/jakarta.annotation-api/1.3.5/jakarta.annotation-api-1.3.5.jar:/Users/mayanchao/.m2/repository/org/springframework/spring-core/5.2.1.RELEASE/spring-core-5.2.1.RELEASE.jar:/Users/mayanchao/.m2/repository/org/springframework/spring-jcl/5.2.1.RELEASE/spring-jcl-5.2.1.RELEASE.jar:/Users/mayanchao/.m2/repository/org/yaml/snakeyaml/1.25/snakeyaml-1.25.jar:/Users/mayanchao/.m2/repository/org/springframework/spring-messaging/5.2.1.RELEASE/spring-messaging-5.2.1.RELEASE.jar:/Users/mayanchao/.m2/repository/org/springframework/spring-beans/5.2.1.RELEASE/spring-beans-5.2.1.RELEASE.jar:/Users/mayanchao/.m2/repository/org/springframework/amqp/spring-rabbit/2.2.1.RELEASE/spring-rabbit-2.2.1.RELEASE.jar:/Users/mayanchao/.m2/repository/com/rabbitmq/amqp-client/5.7.3/amqp-client-5.7.3.jar:/Users/mayanchao/.m2/repository/org/springframework/amqp/spring-amqp/2.2.1.RELEASE/spring-amqp-2.2.1.RELEASE.jar:/Users/mayanchao/.m2/repository/org/springframework/retry/spring-retry/1.2.4.RELEASE/spring-retry-1.2.4.RELEASE.jar:/Users/mayanchao/.m2/repository/org/springframework/spring-context/5.2.1.RELEASE/spring-context-5.2.1.RELEASE.jar:/Users/mayanchao/.m2/repository/org/springframework/spring-tx/5.2.1.RELEASE/spring-tx-5.2.1.RELEASE.jar:/Users/mayanchao/.m2/repository/io/shardingsphere/sharding-jdbc-spring-boot-starter/3.1.0/sharding-jdbc-spring-boot-starter-3.1.0.jar:/Users/mayanchao/.m2/repository/io/shardingsphere/sharding-jdbc-core/3.1.0/sharding-jdbc-core-3.1.0.jar:/Users/mayanchao/.m2/repository/io/shardingsphere/sharding-core/3.1.0/sharding-core-3.1.0.jar:/Users/mayanchao/.m2/repository/org/codehaus/groovy/groovy/2.4.5/groovy-2.4.5-indy.jar:/Users/mayanchao/.m2/repository/org/antlr/antlr4/4.7.1/antlr4-4.7.1.jar:/Users/mayanchao/.m2/repository/org/antlr/antlr4-runtime/4.7.1/antlr4-runtime-4.7.1.jar:/Users/mayanchao/.m2/repository/org/antlr/antlr-runtime/3.5.2/antlr-runtime-3.5.2.jar:/Users/mayanchao/.m2/repository/org/antlr/ST4/4.0.8/ST4-4.0.8.jar:/Users/mayanchao/.m2/repository/org/abego/treelayout/org.abego.treelayout.core/1.0.3/org.abego.treelayout.core-1.0.3.jar:/Users/mayanchao/.m2/repository/org/glassfish/javax.json/1.0.4/javax.json-1.0.4.jar:/Users/mayanchao/.m2/repository/com/ibm/icu/icu4j/58.2/icu4j-58.2.jar:/Users/mayanchao/.m2/repository/io/shardingsphere/sharding-transaction-core/3.1.0/sharding-transaction-core-3.1.0.jar:/Users/mayanchao/.m2/repository/com/google/guava/guava/18.0/guava-18.0.jar:/Users/mayanchao/.m2/repository/org/slf4j/slf4j-api/1.7.29/slf4j-api-1.7.29.jar:/Users/mayanchao/.m2/repository/org/slf4j/jcl-over-slf4j/1.7.29/jcl-over-slf4j-1.7.29.jar:/Users/mayanchao/.m2/repository/io/shardingsphere/sharding-jdbc-spring-namespace/3.1.0/sharding-jdbc-spring-namespace-3.1.0.jar:/Users/mayanchao/.m2/repository/mysql/mysql-connector-java/8.0.18/mysql-connector-java-8.0.18.jar:/Users/mayanchao/.m2/repository/com/baomidou/mybatis-plus-boot-starter/3.4.1/mybatis-plus-boot-starter-3.4.1.jar:/Users/mayanchao/.m2/repository/com/baomidou/mybatis-plus/3.4.1/mybatis-plus-3.4.1.jar:/Users/mayanchao/.m2/repository/com/baomidou/mybatis-plus-extension/3.4.1/mybatis-plus-extension-3.4.1.jar:/Users/mayanchao/.m2/repository/com/baomidou/mybatis-plus-core/3.4.1/mybatis-plus-core-3.4.1.jar:/Users/mayanchao/.m2/repository/com/baomidou/mybatis-plus-annotation/3.4.1/mybatis-plus-annotation-3.4.1.jar:/Users/mayanchao/.m2/repository/com/github/jsqlparser/jsqlparser/3.2/jsqlparser-3.2.jar:/Users/mayanchao/.m2/repository/org/mybatis/mybatis/3.5.6/mybatis-3.5.6.jar:/Users/mayanchao/.m2/repository/org/mybatis/mybatis-spring/2.0.5/mybatis-spring-2.0.5.jar:/Users/mayanchao/.m2/repository/org/springframework/boot/spring-boot-autoconfigure/2.2.1.RELEASE/spring-boot-autoconfigure-2.2.1.RELEASE.jar:/Users/mayanchao/.m2/repository/org/springframework/boot/spring-boot-starter-jdbc/2.2.1.RELEASE/spring-boot-starter-jdbc-2.2.1.RELEASE.jar:/Users/mayanchao/.m2/repository/com/zaxxer/HikariCP/3.4.1/HikariCP-3.4.1.jar:/Users/mayanchao/.m2/repository/org/springframework/spring-jdbc/5.2.1.RELEASE/spring-jdbc-5.2.1.RELEASE.jar:/Users/mayanchao/.m2/repository/com/mzlion/easy-okhttp/1.1.0/easy-okhttp-1.1.0.jar:/Users/mayanchao/.m2/repository/com/squareup/okhttp3/okhttp/3.14.4/okhttp-3.14.4.jar:/Users/mayanchao/.m2/repository/com/squareup/okio/okio/1.17.2/okio-1.17.2.jar:/Users/mayanchao/.m2/repository/com/mzlion/mzlion-core/1.1.0/mzlion-core-1.1.0.jar:/Users/mayanchao/.m2/repository/com/google/code/gson/gson/2.8.6/gson-2.8.6.jar:/Users/mayanchao/.m2/repository/org/projectlombok/lombok/1.18.10/lombok-1.18.10.jar:/Users/mayanchao/.m2/repository/org/springframework/cloud/spring-cloud-starter-openfeign/2.2.1.RELEASE/spring-cloud-starter-openfeign-2.2.1.RELEASE.jar:/Users/mayanchao/.m2/repository/org/springframework/cloud/spring-cloud-starter/2.2.1.RELEASE/spring-cloud-starter-2.2.1.RELEASE.jar:/Users/mayanchao/.m2/repository/org/springframework/cloud/spring-cloud-context/2.2.1.RELEASE/spring-cloud-context-2.2.1.RELEASE.jar:/Users/mayanchao/.m2/repository/org/springframework/security/spring-security-rsa/1.0.9.RELEASE/spring-security-rsa-1.0.9.RELEASE.jar:/Users/mayanchao/.m2/repository/org/bouncycastle/bcpkix-jdk15on/1.64/bcpkix-jdk15on-1.64.jar:/Users/mayanchao/.m2/repository/org/bouncycastle/bcprov-jdk15on/1.64/bcprov-jdk15on-1.64.jar:/Users/mayanchao/.m2/repository/org/springframework/cloud/spring-cloud-openfeign-core/2.2.1.RELEASE/spring-cloud-openfeign-core-2.2.1.RELEASE.jar:/Users/mayanchao/.m2/repository/org/springframework/cloud/spring-cloud-netflix-ribbon/2.2.1.RELEASE/spring-cloud-netflix-ribbon-2.2.1.RELEASE.jar:/Users/mayanchao/.m2/repository/org/springframework/cloud/spring-cloud-netflix-archaius/2.2.1.RELEASE/spring-cloud-netflix-archaius-2.2.1.RELEASE.jar:/Users/mayanchao/.m2/repository/org/springframework/boot/spring-boot-starter-aop/2.2.1.RELEASE/spring-boot-starter-aop-2.2.1.RELEASE.jar:/Users/mayanchao/.m2/repository/org/aspectj/aspectjweaver/1.9.4/aspectjweaver-1.9.4.jar:/Users/mayanchao/.m2/repository/io/github/openfeign/form/feign-form-spring/3.8.0/feign-form-spring-3.8.0.jar:/Users/mayanchao/.m2/repository/io/github/openfeign/form/feign-form/3.8.0/feign-form-3.8.0.jar:/Users/mayanchao/.m2/repository/commons-fileupload/commons-fileupload/1.4/commons-fileupload-1.4.jar:/Users/mayanchao/.m2/repository/commons-io/commons-io/2.2/commons-io-2.2.jar:/Users/mayanchao/.m2/repository/org/springframework/spring-web/5.2.1.RELEASE/spring-web-5.2.1.RELEASE.jar:/Users/mayanchao/.m2/repository/org/springframework/cloud/spring-cloud-commons/2.2.1.RELEASE/spring-cloud-commons-2.2.1.RELEASE.jar:/Users/mayanchao/.m2/repository/org/springframework/security/spring-security-crypto/5.2.1.RELEASE/spring-security-crypto-5.2.1.RELEASE.jar:/Users/mayanchao/.m2/repository/io/github/openfeign/feign-core/10.4.0/feign-core-10.4.0.jar:/Users/mayanchao/.m2/repository/io/github/openfeign/feign-slf4j/10.4.0/feign-slf4j-10.4.0.jar:/Users/mayanchao/.m2/repository/io/github/openfeign/feign-hystrix/10.4.0/feign-hystrix-10.4.0.jar:/Users/mayanchao/.m2/repository/com/netflix/archaius/archaius-core/0.7.6/archaius-core-0.7.6.jar:/Users/mayanchao/.m2/repository/com/google/code/findbugs/jsr305/3.0.1/jsr305-3.0.1.jar:/Users/mayanchao/.m2/repository/commons-configuration/commons-configuration/1.8/commons-configuration-1.8.jar:/Users/mayanchao/.m2/repository/commons-lang/commons-lang/2.6/commons-lang-2.6.jar:/Users/mayanchao/.m2/repository/commons-logging/commons-logging/1.1.1/commons-logging-1.1.1.jar:/Users/mayanchao/.m2/repository/com/netflix/hystrix/hystrix-core/1.5.18/hystrix-core-1.5.18.jar:/Users/mayanchao/.m2/repository/io/reactivex/rxjava/1.3.8/rxjava-1.3.8.jar:/Users/mayanchao/.m2/repository/org/hdrhistogram/HdrHistogram/2.1.9/HdrHistogram-2.1.9.jar:/Users/mayanchao/.m2/repository/org/springframework/boot/spring-boot-starter-web/2.2.1.RELEASE/spring-boot-starter-web-2.2.1.RELEASE.jar:/Users/mayanchao/.m2/repository/org/springframework/boot/spring-boot-starter-json/2.2.1.RELEASE/spring-boot-starter-json-2.2.1.RELEASE.jar:/Users/mayanchao/.m2/repository/com/fasterxml/jackson/datatype/jackson-datatype-jdk8/2.10.0/jackson-datatype-jdk8-2.10.0.jar:/Users/mayanchao/.m2/repository/com/fasterxml/jackson/datatype/jackson-datatype-jsr310/2.10.0/jackson-datatype-jsr310-2.10.0.jar:/Users/mayanchao/.m2/repository/com/fasterxml/jackson/module/jackson-module-parameter-names/2.10.0/jackson-module-parameter-names-2.10.0.jar:/Users/mayanchao/.m2/repository/org/springframework/boot/spring-boot-starter-tomcat/2.2.1.RELEASE/spring-boot-starter-tomcat-2.2.1.RELEASE.jar:/Users/mayanchao/.m2/repository/org/apache/tomcat/embed/tomcat-embed-core/9.0.27/tomcat-embed-core-9.0.27.jar:/Users/mayanchao/.m2/repository/org/apache/tomcat/embed/tomcat-embed-el/9.0.27/tomcat-embed-el-9.0.27.jar:/Users/mayanchao/.m2/repository/org/apache/tomcat/embed/tomcat-embed-websocket/9.0.27/tomcat-embed-websocket-9.0.27.jar:/Users/mayanchao/.m2/repository/org/springframework/boot/spring-boot-starter-validation/2.2.1.RELEASE/spring-boot-starter-validation-2.2.1.RELEASE.jar:/Users/mayanchao/.m2/repository/jakarta/validation/jakarta.validation-api/2.0.1/jakarta.validation-api-2.0.1.jar:/Users/mayanchao/.m2/repository/org/hibernate/validator/hibernate-validator/6.0.18.Final/hibernate-validator-6.0.18.Final.jar:/Users/mayanchao/.m2/repository/org/jboss/logging/jboss-logging/3.4.1.Final/jboss-logging-3.4.1.Final.jar:/Users/mayanchao/.m2/repository/com/fasterxml/classmate/1.5.1/classmate-1.5.1.jar:/Users/mayanchao/.m2/repository/org/springframework/spring-webmvc/5.2.1.RELEASE/spring-webmvc-5.2.1.RELEASE.jar:/Users/mayanchao/.m2/repository/org/springframework/spring-aop/5.2.1.RELEASE/spring-aop-5.2.1.RELEASE.jar:/Users/mayanchao/.m2/repository/org/springframework/spring-expression/5.2.1.RELEASE/spring-expression-5.2.1.RELEASE.jar:/Users/mayanchao/.m2/repository/org/springframework/cloud/spring-cloud-starter-alibaba-nacos-discovery/0.2.2.RELEASE/spring-cloud-starter-alibaba-nacos-discovery-0.2.2.RELEASE.jar:/Users/mayanchao/.m2/repository/org/springframework/cloud/spring-cloud-alibaba-nacos-discovery/0.2.2.RELEASE/spring-cloud-alibaba-nacos-discovery-0.2.2.RELEASE.jar:/Users/mayanchao/.m2/repository/com/alibaba/nacos/nacos-client/1.0.0/nacos-client-1.0.0.jar:/Users/mayanchao/.m2/repository/com/alibaba/nacos/nacos-common/1.0.0/nacos-common-1.0.0.jar:/Users/mayanchao/.m2/repository/org/apache/commons/commons-lang3/3.9/commons-lang3-3.9.jar:/Users/mayanchao/.m2/repository/com/alibaba/nacos/nacos-api/1.0.0/nacos-api-1.0.0.jar:/Users/mayanchao/.m2/repository/com/alibaba/fastjson/1.2.47/fastjson-1.2.47.jar:/Users/mayanchao/.m2/repository/commons-codec/commons-codec/1.13/commons-codec-1.13.jar:/Users/mayanchao/.m2/repository/io/prometheus/simpleclient/0.5.0/simpleclient-0.5.0.jar:/Users/mayanchao/.m2/repository/org/springframework/cloud/spring-cloud-starter-netflix-ribbon/2.0.3.RELEASE/spring-cloud-starter-netflix-ribbon-2.0.3.RELEASE.jar:/Users/mayanchao/.m2/repository/org/springframework/cloud/spring-cloud-starter-netflix-archaius/2.0.3.RELEASE/spring-cloud-starter-netflix-archaius-2.0.3.RELEASE.jar:/Users/mayanchao/.m2/repository/com/netflix/ribbon/ribbon/2.2.5/ribbon-2.2.5.jar:/Users/mayanchao/.m2/repository/com/netflix/ribbon/ribbon-transport/2.2.5/ribbon-transport-2.2.5.jar:/Users/mayanchao/.m2/repository/io/reactivex/rxnetty-contexts/0.4.9/rxnetty-contexts-0.4.9.jar:/Users/mayanchao/.m2/repository/io/reactivex/rxnetty-servo/0.4.9/rxnetty-servo-0.4.9.jar:/Users/mayanchao/.m2/repository/javax/inject/javax.inject/1/javax.inject-1.jar:/Users/mayanchao/.m2/repository/io/reactivex/rxnetty/0.4.9/rxnetty-0.4.9.jar:/Users/mayanchao/.m2/repository/com/netflix/ribbon/ribbon-core/2.2.5/ribbon-core-2.2.5.jar:/Users/mayanchao/.m2/repository/com/netflix/ribbon/ribbon-httpclient/2.2.5/ribbon-httpclient-2.2.5.jar:/Users/mayanchao/.m2/repository/commons-collections/commons-collections/3.2.2/commons-collections-3.2.2.jar:/Users/mayanchao/.m2/repository/org/apache/httpcomponents/httpclient/4.5.10/httpclient-4.5.10.jar:/Users/mayanchao/.m2/repository/org/apache/httpcomponents/httpcore/4.4.12/httpcore-4.4.12.jar:/Users/mayanchao/.m2/repository/com/sun/jersey/jersey-client/1.19.1/jersey-client-1.19.1.jar:/Users/mayanchao/.m2/repository/com/sun/jersey/jersey-core/1.19.1/jersey-core-1.19.1.jar:/Users/mayanchao/.m2/repository/javax/ws/rs/jsr311-api/1.1.1/jsr311-api-1.1.1.jar:/Users/mayanchao/.m2/repository/com/sun/jersey/contribs/jersey-apache-client4/1.19.1/jersey-apache-client4-1.19.1.jar:/Users/mayanchao/.m2/repository/com/netflix/servo/servo-core/0.10.1/servo-core-0.10.1.jar:/Users/mayanchao/.m2/repository/com/netflix/servo/servo-internal/0.10.1/servo-internal-0.10.1.jar:/Users/mayanchao/.m2/repository/com/netflix/netflix-commons/netflix-commons-util/0.1.1/netflix-commons-util-0.1.1.jar:/Users/mayanchao/.m2/repository/com/netflix/ribbon/ribbon-loadbalancer/2.2.5/ribbon-loadbalancer-2.2.5.jar:/Users/mayanchao/.m2/repository/com/netflix/netflix-commons/netflix-statistics/0.1.1/netflix-statistics-0.1.1.jar:"/>
    <property name="sun.cpu.endian" value="little"/>
    <property name="user.home" value="/Users/mayanchao"/>
    <property name="user.language" value="zh"/>
    <property name="java.specification.vendor" value="Oracle Corporation"/>
    <property name="java.home" value="/Library/Java/JavaVirtualMachines/jdk1.8.0_231.jdk/Contents/Home/jre"/>
    <property name="basedir" value="/Users/mayanchao/IdeaProjects/mt-shop/mt-sp-parent/mt-sp-service-impl/mt-sp-service-member"/>
    <property name="file.separator" value="/"/>
    <property name="line.separator" value="&#10;"/>
    <property name="idea.version2019.2.4" value="true"/>
    <property name="java.vm.specification.vendor" value="Oracle Corporation"/>
    <property name="java.specification.name" value="Java Platform API Specification"/>
    <property name="java.awt.graphicsenv" value="sun.awt.CGraphicsEnvironment"/>
    <property name="surefire.real.class.path" value="/Users/mayanchao/IdeaProjects/mt-shop/mt-sp-parent/mt-sp-service-impl/mt-sp-service-member/target/surefire/surefirebooter4218584895823384129.jar"/>
    <property name="sun.boot.class.path" value="/Library/Java/JavaVirtualMachines/jdk1.8.0_231.jdk/Contents/Home/jre/lib/resources.jar:/Library/Java/JavaVirtualMachines/jdk1.8.0_231.jdk/Contents/Home/jre/lib/rt.jar:/Library/Java/JavaVirtualMachines/jdk1.8.0_231.jdk/Contents/Home/jre/lib/sunrsasign.jar:/Library/Java/JavaVirtualMachines/jdk1.8.0_231.jdk/Contents/Home/jre/lib/jsse.jar:/Library/Java/JavaVirtualMachines/jdk1.8.0_231.jdk/Contents/Home/jre/lib/jce.jar:/Library/Java/JavaVirtualMachines/jdk1.8.0_231.jdk/Contents/Home/jre/lib/charsets.jar:/Library/Java/JavaVirtualMachines/jdk1.8.0_231.jdk/Contents/Home/jre/lib/jfr.jar:/Library/Java/JavaVirtualMachines/jdk1.8.0_231.jdk/Contents/Home/jre/classes"/>
    <property name="sun.management.compiler" value="HotSpot 64-Bit Tiered Compilers"/>
    <property name="java.runtime.version" value="1.8.0_231-b11"/>
    <property name="user.name" value="mayanchao"/>
    <property name="path.separator" value=":"/>
    <property name="os.version" value="10.16"/>
    <property name="java.endorsed.dirs" value="/Library/Java/JavaVirtualMachines/jdk1.8.0_231.jdk/Contents/Home/jre/lib/endorsed"/>
    <property name="java.runtime.name" value="Java(TM) SE Runtime Environment"/>
    <property name="file.encoding" value="UTF-8"/>
    <property name="java.vm.name" value="Java HotSpot(TM) 64-Bit Server VM"/>
    <property name="localRepository" value="/Users/mayanchao/.m2/repository"/>
    <property name="java.vendor.url.bug" value="http://bugreport.sun.com/bugreport/"/>
    <property name="java.io.tmpdir" value="/var/folders/53/w87dzfz914s9rmvx0qcghrqw0000gn/T/"/>
    <property name="java.version" value="1.8.0_231"/>
    <property name="user.dir" value="/Users/mayanchao/IdeaProjects/mt-shop/mt-sp-parent/mt-sp-service-impl/mt-sp-service-member"/>
    <property name="os.arch" value="x86_64"/>
    <property name="java.vm.specification.name" value="Java Virtual Machine Specification"/>
    <property name="java.awt.printerjob" value="sun.lwawt.macosx.CPrinterJob"/>
    <property name="sun.os.patch.level" value="unknown"/>
    <property name="java.library.path" value="/Users/mayanchao/Library/Java/Extensions:/Library/Java/Extensions:/Network/Library/Java/Extensions:/System/Library/Java/Extensions:/usr/lib/java:."/>
    <property name="java.vm.info" value="mixed mode"/>
    <property name="java.vendor" value="Oracle Corporation"/>
    <property name="java.vm.version" value="25.231-b11"/>
    <property name="java.ext.dirs" value="/Users/mayanchao/Library/Java/Extensions:/Library/Java/JavaVirtualMachines/jdk1.8.0_231.jdk/Contents/Home/jre/lib/ext:/Library/Java/Extensions:/Network/Library/Java/Extensions:/System/Library/Java/Extensions:/usr/lib/java"/>
    <property name="sun.io.unicode.encoding" value="UnicodeBig"/>
    <property name="java.class.version" value="52.0"/>
  </properties>
</testsuite>